2015-03-29T17:50:41.182Z - error: Error in feed for https://zynga.com/blogs/engineering. Is empty: null
2015-03-29T17:52:42.090Z - error: Error in feed for https://zynga.com/blogs/engineering. Is empty: null
2015-03-29T17:55:06.677Z - error: Error in feed for https://nodesource.com/blog/. Is empty: null
2015-03-29T17:55:07.377Z - error: Error in finding feed for https://tech.blog.box.com/: Error: unable to verify the first certificate
2015-03-29T17:55:07.509Z - error: Error in feed for http://engineering.voxer.com/. Is empty: null
2015-03-29T17:55:08.444Z - error: Error in feed for https://zynga.com/blogs/engineering. Is empty: null
2015-03-29T17:55:09.309Z - error: Error in feed for http://www.buzzfeed.com/techblog. Is empty: null
2015-03-29T17:55:09.475Z - error: Error in feed for http://blog.42floors.com/. Is empty: null
2015-03-29T17:55:09.993Z - error: Error in feed for https://code.facebook.com/posts/. Is empty: null
2015-03-29T17:55:45.025Z - error: Error in feed for http://engineering.voxer.com/. Is empty: null
2015-03-29T17:55:46.546Z - error: Error in feed for https://nodesource.com/blog/. Is empty: null
2015-03-29T17:55:47.311Z - error: Error in finding feed for https://tech.blog.box.com/: Error: unable to verify the first certificate
2015-03-29T17:55:47.316Z - error: Error with getting results: Error: unable to verify the first certificate
2015-03-29T17:55:48.073Z - error: Error in feed for http://www.buzzfeed.com/techblog. Is empty: null
2015-03-29T17:55:48.137Z - error: Error in feed for https://zynga.com/blogs/engineering. Is empty: null
2015-03-29T17:55:48.682Z - error: Error in feed for http://blog.42floors.com/. Is empty: null
2015-03-29T17:55:49.432Z - error: Error in feed for https://code.facebook.com/posts/. Is empty: null
2015-03-29T17:56:25.835Z - error: Error in feed for http://engineering.voxer.com/. Is empty: null
2015-03-29T17:56:26.982Z - error: Error in feed for https://nodesource.com/blog/. Is empty: null
2015-03-29T17:56:27.239Z - error: Error in feed for https://zynga.com/blogs/engineering. Is empty: null
2015-03-29T17:56:27.371Z - error: Error in feed for http://www.buzzfeed.com/techblog. Is empty: null
2015-03-29T17:56:28.668Z - error: Error in feed for https://code.facebook.com/posts/. Is empty: null
2015-03-29T17:56:29.097Z - error: Error in feed for http://blog.42floors.com/. Is empty: null
2015-03-29T17:58:26.458Z - error: Error in feed for http://engineering.voxer.com/. Is empty: null
2015-03-29T17:58:27.469Z - error: Error in feed for https://nodesource.com/blog/. Is empty: null
2015-03-29T17:58:27.623Z - error: Error in feed for http://www.buzzfeed.com/techblog. Is empty: null
2015-03-29T17:58:27.753Z - error: Error in feed for https://zynga.com/blogs/engineering. Is empty: null
2015-03-29T17:58:28.417Z - error: Error in feed for http://blog.42floors.com/. Is empty: null
2015-03-29T17:58:28.664Z - error: Error in feed for https://code.facebook.com/posts/. Is empty: null
2015-03-29T18:00:26.549Z - error: Error in feed for http://engineering.voxer.com/. Is empty: null
2015-03-29T18:00:27.768Z - error: Error in feed for https://zynga.com/blogs/engineering. Is empty: null
2015-03-29T18:00:28.243Z - error: Error in feed for http://blog.42floors.com/. Is empty: null
2015-03-29T18:00:28.375Z - error: Error in feed for http://www.buzzfeed.com/techblog. Is empty: null
2015-03-29T18:00:28.450Z - error: Error in feed for https://nodesource.com/blog/. Is empty: null
2015-03-29T18:00:28.606Z - error: Error in feed for https://code.facebook.com/posts/. Is empty: null
2015-03-29T18:02:30.669Z - error: Error in feed for http://engineering.voxer.com/. Is empty: null
2015-03-29T18:02:31.343Z - error: Error in feed for https://nodesource.com/blog/. Is empty: null
2015-03-29T18:02:32.104Z - error: Error in feed for https://zynga.com/blogs/engineering. Is empty: null
2015-03-29T18:02:32.170Z - error: Error in feed for https://code.facebook.com/posts/. Is empty: null
2015-03-29T18:02:32.412Z - error: Error in feed for http://blog.42floors.com/. Is empty: null
2015-03-29T18:02:32.845Z - error: Error in feed for http://www.buzzfeed.com/techblog. Is empty: null
2015-03-29T18:05:00.794Z - error: Error in feed for http://engineering.voxer.com/. Is empty: null
2015-03-29T18:05:02.147Z - error: Error in feed for https://nodesource.com/blog/. Is empty: null
2015-03-29T18:05:02.186Z - error: Error in feed for https://zynga.com/blogs/engineering. Is empty: null
2015-03-29T18:05:02.755Z - error: Error in feed for http://www.buzzfeed.com/techblog. Is empty: null
2015-03-29T18:05:03.537Z - error: Error in feed for https://code.facebook.com/posts/. Is empty: null
2015-03-29T18:05:03.865Z - error: Error in feed for http://blog.42floors.com/. Is empty: null
2015-03-29T18:08:01.250Z - error: Error in feed for http://engineering.voxer.com/. Is empty: null
2015-03-29T18:08:02.013Z - error: Error in feed for https://nodesource.com/blog/. Is empty: null
2015-03-29T18:08:02.709Z - error: Error in feed for https://zynga.com/blogs/engineering. Is empty: null
2015-03-29T18:08:03.106Z - error: Error in feed for http://www.buzzfeed.com/techblog. Is empty: null
2015-03-29T18:08:03.546Z - error: Error in feed for https://code.facebook.com/posts/. Is empty: null
2015-03-29T18:08:04.551Z - error: Error in feed for http://blog.42floors.com/. Is empty: null
2015-03-29T18:15:00.865Z - error: Error in feed for http://engineering.voxer.com/. Is empty: null
2015-03-29T18:15:01.876Z - error: Error in feed for https://nodesource.com/blog/. Is empty: null
2015-03-29T18:15:02.012Z - error: Error in feed for https://zynga.com/blogs/engineering. Is empty: null
2015-03-29T18:15:02.946Z - error: Error in feed for https://code.facebook.com/posts/. Is empty: null
2015-03-29T18:15:03.808Z - error: Error in feed for http://www.buzzfeed.com/techblog. Is empty: null
2015-03-29T18:15:04.422Z - error: Error in feed for http://blog.42floors.com/. Is empty: null
